nohup: ignoring input
/data/250010067/conda_envs/nmt_env/lib/python3.10/site-packages/jieba/_compat.py:18: UserWarning: pkg_resources is deprecated as an API. See https://setuptools.pypa.io/en/latest/pkg_resources.html. The pkg_resources package is slated for removal as early as 2025-11-30. Refrain from using this package or pin to Setuptools<81.
  import pkg_resources
Building prefix dict from the default dictionary ...
Loading model from cache /tmp/jieba.cache
Loading model cost 1.404 seconds.
Prefix dict has been built successfully.
Model: transformer | Checkpoint: best_absolute_100k.pt | Device: cuda
Evaluating on 200 samples...
  Processed 100/200
  Processed 200/200

==================================================
Model: transformer | Checkpoint: best_absolute_100k.pt
==================================================
BLEU:   5.49
BLEU-1: 35.68
BLEU-2: 10.22
BLEU-3: 3.31
BLEU-4: 1.16
==================================================
Avg Latency: 124.42 ms/sentence
Total Time:  24.88 s
Throughput:  8.04 sentences/s
==================================================
