nohup: ignoring input
/data/250010067/conda_envs/nmt_env/lib/python3.10/site-packages/jieba/_compat.py:18: UserWarning: pkg_resources is deprecated as an API. See https://setuptools.pypa.io/en/latest/pkg_resources.html. The pkg_resources package is slated for removal as early as 2025-11-30. Refrain from using this package or pin to Setuptools<81.
  import pkg_resources
Building prefix dict from the default dictionary ...
Loading model from cache /tmp/jieba.cache
Loading model cost 2.502 seconds.
Prefix dict has been built successfully.
Model: rnn | Checkpoint: best_additive_100k.pt | Device: cuda
Evaluating on 200 samples...
  Processed 100/200
  Processed 200/200

==================================================
Model: rnn | Checkpoint: best_additive_100k.pt
==================================================
BLEU:   3.34
BLEU-1: 21.83
BLEU-2: 5.32
BLEU-3: 1.71
BLEU-4: 0.63
==================================================
Avg Latency: 2176.81 ms/sentence
Total Time:  435.36 s
Throughput:  0.46 sentences/s
==================================================
