nohup: ignoring input
/data/250010067/conda_envs/nmt_env/lib/python3.10/site-packages/jieba/_compat.py:18: UserWarning: pkg_resources is deprecated as an API. See https://setuptools.pypa.io/en/latest/pkg_resources.html. The pkg_resources package is slated for removal as early as 2025-11-30. Refrain from using this package or pin to Setuptools<81.
  import pkg_resources
Building prefix dict from the default dictionary ...
Loading model from cache /tmp/jieba.cache
Loading model cost 0.525 seconds.
Prefix dict has been built successfully.
Model: rnn | Checkpoint: best_general_10k.pt | Device: cuda
Evaluating on 200 samples...
  Processed 100/200
  Processed 200/200

==================================================
Model: rnn | Checkpoint: best_general_10k.pt
==================================================
BLEU:   0.00
BLEU-1: 5.35
BLEU-2: 0.45
BLEU-3: 0.02
BLEU-4: 0.00
==================================================
Avg Latency: 553.58 ms/sentence
Total Time:  110.72 s
Throughput:  1.81 sentences/s
==================================================
