nohup: ignoring input
/data/250010067/conda_envs/nmt_env/lib/python3.10/site-packages/jieba/_compat.py:18: UserWarning: pkg_resources is deprecated as an API. See https://setuptools.pypa.io/en/latest/pkg_resources.html. The pkg_resources package is slated for removal as early as 2025-11-30. Refrain from using this package or pin to Setuptools<81.
  import pkg_resources
Building prefix dict from the default dictionary ...
Loading model from cache /tmp/jieba.cache
Loading model cost 1.890 seconds.
Prefix dict has been built successfully.
Model: rnn | Checkpoint: best_dot_100k.pt | Device: cuda
Evaluating on 200 samples...
  Processed 100/200
  Processed 200/200

==================================================
Model: rnn | Checkpoint: best_dot_100k.pt
==================================================
BLEU:   2.47
BLEU-1: 17.27
BLEU-2: 3.97
BLEU-3: 1.26
BLEU-4: 0.43
==================================================
Avg Latency: 2281.11 ms/sentence
Total Time:  456.22 s
Throughput:  0.44 sentences/s
==================================================
