nohup: ignoring input
/data/250010067/conda_envs/nmt_env/lib/python3.10/site-packages/jieba/_compat.py:18: UserWarning: pkg_resources is deprecated as an API. See https://setuptools.pypa.io/en/latest/pkg_resources.html. The pkg_resources package is slated for removal as early as 2025-11-30. Refrain from using this package or pin to Setuptools<81.
  import pkg_resources
Building prefix dict from the default dictionary ...
Loading model from cache /tmp/jieba.cache
Loading model cost 1.338 seconds.
Prefix dict has been built successfully.
Model: rnn | Checkpoint: best_additive_10k.pt | Device: cuda
Evaluating on 200 samples...
  Processed 100/200
  Processed 200/200

==================================================
Model: rnn | Checkpoint: best_additive_10k.pt
==================================================
BLEU:   0.46
BLEU-1: 9.16
BLEU-2: 1.02
BLEU-3: 0.19
BLEU-4: 0.03
==================================================
Avg Latency: 72.51 ms/sentence
Total Time:  14.50 s
Throughput:  13.79 sentences/s
==================================================
