nohup: ignoring input
/data/250010067/conda_envs/nmt_env/lib/python3.10/site-packages/jieba/_compat.py:18: UserWarning: pkg_resources is deprecated as an API. See https://setuptools.pypa.io/en/latest/pkg_resources.html. The pkg_resources package is slated for removal as early as 2025-11-30. Refrain from using this package or pin to Setuptools<81.
  import pkg_resources
Building prefix dict from the default dictionary ...
Loading model from cache /tmp/jieba.cache
Loading model cost 1.789 seconds.
Prefix dict has been built successfully.
Model: rnn | Checkpoint: best_dot_100k.pt | Device: cuda
Evaluating on 200 samples...
  Processed 100/200
  Processed 200/200

==================================================
Model: rnn | Checkpoint: best_dot_100k.pt
==================================================
BLEU:   2.43
BLEU-1: 19.89
BLEU-2: 4.14
BLEU-3: 1.19
BLEU-4: 0.35
==================================================
Avg Latency: 1477.57 ms/sentence
Total Time:  295.51 s
Throughput:  0.68 sentences/s
==================================================
