Loading train.pt and valid.pt from data/processed_100k
Train samples: 99392, Valid samples: 486
Parameters: 44,797,712
Training transformer on cuda
/data/250010067/courses/NLP/NLP_midterm_project/train.py:100: FutureWarning: `torch.cuda.amp.autocast(args...)` is deprecated. Please use `torch.amp.autocast('cuda', args...)` instead.
  with autocast(enabled=self.use_amp):
Epoch 0 | Batch 0/6212 | Loss: 9.2459
Epoch 0 | Batch 100/6212 | Loss: 8.5189
Epoch 0 | Batch 200/6212 | Loss: 8.3667
Epoch 0 | Batch 300/6212 | Loss: 8.0172
Epoch 0 | Batch 400/6212 | Loss: 7.7115
Epoch 0 | Batch 500/6212 | Loss: 7.3167
Epoch 0 | Batch 600/6212 | Loss: 6.7640
Epoch 0 | Batch 700/6212 | Loss: 6.4843
Epoch 0 | Batch 800/6212 | Loss: 6.5085
Epoch 0 | Batch 900/6212 | Loss: 6.1478
Epoch 0 | Batch 1000/6212 | Loss: 6.0888
Epoch 0 | Batch 1100/6212 | Loss: 6.2080
Epoch 0 | Batch 1200/6212 | Loss: 5.7657
Epoch 0 | Batch 1300/6212 | Loss: 6.1146
Epoch 0 | Batch 1400/6212 | Loss: 5.9337
Epoch 0 | Batch 1500/6212 | Loss: 5.9087
Epoch 0 | Batch 1600/6212 | Loss: 5.9261
Epoch 0 | Batch 1700/6212 | Loss: 5.7691
Epoch 0 | Batch 1800/6212 | Loss: 5.8030
Epoch 0 | Batch 1900/6212 | Loss: 5.7045
Epoch 0 | Batch 2000/6212 | Loss: 5.8461
Epoch 0 | Batch 2100/6212 | Loss: 5.7233
Epoch 0 | Batch 2200/6212 | Loss: 5.6055
Epoch 0 | Batch 2300/6212 | Loss: 5.3576
Epoch 0 | Batch 2400/6212 | Loss: 5.4766
Epoch 0 | Batch 2500/6212 | Loss: 5.3747
Epoch 0 | Batch 2600/6212 | Loss: 5.4737
Epoch 0 | Batch 2700/6212 | Loss: 5.4021
Epoch 0 | Batch 2800/6212 | Loss: 5.2667
Epoch 0 | Batch 2900/6212 | Loss: 5.3111
Epoch 0 | Batch 3000/6212 | Loss: 5.2531
Epoch 0 | Batch 3100/6212 | Loss: 5.3245
Epoch 0 | Batch 3200/6212 | Loss: 5.1962
Epoch 0 | Batch 3300/6212 | Loss: 5.0597
Epoch 0 | Batch 3400/6212 | Loss: 5.3447
Epoch 0 | Batch 3500/6212 | Loss: 5.3044
Epoch 0 | Batch 3600/6212 | Loss: 5.1264
Epoch 0 | Batch 3700/6212 | Loss: 5.1750
Epoch 0 | Batch 3800/6212 | Loss: 5.2323
Epoch 0 | Batch 3900/6212 | Loss: 5.2596
Epoch 0 | Batch 4000/6212 | Loss: 4.9045
Epoch 0 | Batch 4100/6212 | Loss: 4.7330
Epoch 0 | Batch 4200/6212 | Loss: 5.0881
Epoch 0 | Batch 4300/6212 | Loss: 5.2061
Epoch 0 | Batch 4400/6212 | Loss: 4.9674
Epoch 0 | Batch 4500/6212 | Loss: 4.9203
Epoch 0 | Batch 4600/6212 | Loss: 4.5256
Epoch 0 | Batch 4700/6212 | Loss: 4.8885
Epoch 0 | Batch 4800/6212 | Loss: 4.8891
Epoch 0 | Batch 4900/6212 | Loss: 4.8450
Epoch 0 | Batch 5000/6212 | Loss: 4.7022
Epoch 0 | Batch 5100/6212 | Loss: 4.5557
Epoch 0 | Batch 5200/6212 | Loss: 4.6064
Epoch 0 | Batch 5300/6212 | Loss: 4.5254
Epoch 0 | Batch 5400/6212 | Loss: 4.7059
Epoch 0 | Batch 5500/6212 | Loss: 4.5528
Epoch 0 | Batch 5600/6212 | Loss: 4.3009
Epoch 0 | Batch 5700/6212 | Loss: 4.5718
Epoch 0 | Batch 5800/6212 | Loss: 4.6071
Epoch 0 | Batch 5900/6212 | Loss: 4.7636
Epoch 0 | Batch 6000/6212 | Loss: 4.5715
Epoch 0 | Batch 6100/6212 | Loss: 4.4256
Epoch 0 | Batch 6200/6212 | Loss: 4.5716
/data/250010067/courses/NLP/NLP_midterm_project/train.py:141: FutureWarning: `torch.cuda.amp.autocast(args...)` is deprecated. Please use `torch.amp.autocast('cuda', args...)` instead.
  with autocast(enabled=self.use_amp):
Epoch 0 | Time: 129.8s | Train Loss: 5.5309 | Val Loss: 4.8050
New best model! Val Loss: 4.8050
Epoch 1 | Batch 0/6212 | Loss: 4.2133
Epoch 1 | Batch 100/6212 | Loss: 4.6128
Epoch 1 | Batch 200/6212 | Loss: 4.2703
Epoch 1 | Batch 300/6212 | Loss: 4.2687
Epoch 1 | Batch 400/6212 | Loss: 4.2330
Epoch 1 | Batch 500/6212 | Loss: 4.3128
Epoch 1 | Batch 600/6212 | Loss: 4.4037
Epoch 1 | Batch 700/6212 | Loss: 4.1403
Epoch 1 | Batch 800/6212 | Loss: 4.2825
Epoch 1 | Batch 900/6212 | Loss: 4.1161
Epoch 1 | Batch 1000/6212 | Loss: 3.9950
Epoch 1 | Batch 1100/6212 | Loss: 4.3692
Epoch 1 | Batch 1200/6212 | Loss: 4.2326
Epoch 1 | Batch 1300/6212 | Loss: 4.4825
Epoch 1 | Batch 1400/6212 | Loss: 4.2233
Epoch 1 | Batch 1500/6212 | Loss: 4.1136
Epoch 1 | Batch 1600/6212 | Loss: 4.1274
Epoch 1 | Batch 1700/6212 | Loss: 3.8532
Epoch 1 | Batch 1800/6212 | Loss: 4.0296
Epoch 1 | Batch 1900/6212 | Loss: 4.2760
Epoch 1 | Batch 2000/6212 | Loss: 4.2391
Epoch 1 | Batch 2100/6212 | Loss: 4.0143
Epoch 1 | Batch 2200/6212 | Loss: 4.2216
Epoch 1 | Batch 2300/6212 | Loss: 4.2172
Epoch 1 | Batch 2400/6212 | Loss: 4.3075
Epoch 1 | Batch 2500/6212 | Loss: 3.8467
Epoch 1 | Batch 2600/6212 | Loss: 4.2352
Epoch 1 | Batch 2700/6212 | Loss: 4.1296
Epoch 1 | Batch 2800/6212 | Loss: 4.3660
Epoch 1 | Batch 2900/6212 | Loss: 4.0607
Epoch 1 | Batch 3000/6212 | Loss: 3.9415
Epoch 1 | Batch 3100/6212 | Loss: 4.0000
Epoch 1 | Batch 3200/6212 | Loss: 3.7089
Epoch 1 | Batch 3300/6212 | Loss: 3.7678
Epoch 1 | Batch 3400/6212 | Loss: 3.7214
Epoch 1 | Batch 3500/6212 | Loss: 4.0708
Epoch 1 | Batch 3600/6212 | Loss: 3.6704
Epoch 1 | Batch 3700/6212 | Loss: 4.1989
Epoch 1 | Batch 3800/6212 | Loss: 3.8539
Epoch 1 | Batch 3900/6212 | Loss: 4.1809
Epoch 1 | Batch 4000/6212 | Loss: 3.3861
Epoch 1 | Batch 4100/6212 | Loss: 4.0124
Epoch 1 | Batch 4200/6212 | Loss: 3.9021
Epoch 1 | Batch 4300/6212 | Loss: 3.8068
Epoch 1 | Batch 4400/6212 | Loss: 3.9823
Epoch 1 | Batch 4500/6212 | Loss: 3.8344
Epoch 1 | Batch 4600/6212 | Loss: 3.6568
Epoch 1 | Batch 4700/6212 | Loss: 3.9497
Epoch 1 | Batch 4800/6212 | Loss: 3.9022
Epoch 1 | Batch 4900/6212 | Loss: 3.7709
Epoch 1 | Batch 5000/6212 | Loss: 3.4107
Epoch 1 | Batch 5100/6212 | Loss: 3.6361
Epoch 1 | Batch 5200/6212 | Loss: 3.8512
Epoch 1 | Batch 5300/6212 | Loss: 3.7416
Epoch 1 | Batch 5400/6212 | Loss: 3.7380
Epoch 1 | Batch 5500/6212 | Loss: 3.6944
Epoch 1 | Batch 5600/6212 | Loss: 3.6134
Epoch 1 | Batch 5700/6212 | Loss: 3.6418
Epoch 1 | Batch 5800/6212 | Loss: 3.8062
Epoch 1 | Batch 5900/6212 | Loss: 3.3159
Epoch 1 | Batch 6000/6212 | Loss: 3.5667
Epoch 1 | Batch 6100/6212 | Loss: 3.7679
Epoch 1 | Batch 6200/6212 | Loss: 3.3547
Epoch 1 | Time: 129.7s | Train Loss: 3.9939 | Val Loss: 4.3127
New best model! Val Loss: 4.3127
Epoch 2 | Batch 0/6212 | Loss: 3.6703
Epoch 2 | Batch 100/6212 | Loss: 3.5761
Epoch 2 | Batch 200/6212 | Loss: 3.2963
Epoch 2 | Batch 300/6212 | Loss: 3.3384
Epoch 2 | Batch 400/6212 | Loss: 3.4456
Epoch 2 | Batch 500/6212 | Loss: 3.5429
Epoch 2 | Batch 600/6212 | Loss: 3.7727
Epoch 2 | Batch 700/6212 | Loss: 3.4928
Epoch 2 | Batch 800/6212 | Loss: 3.3466
Epoch 2 | Batch 900/6212 | Loss: 3.1666
Epoch 2 | Batch 1000/6212 | Loss: 3.5940
Epoch 2 | Batch 1100/6212 | Loss: 3.0803
Epoch 2 | Batch 1200/6212 | Loss: 3.4557
Epoch 2 | Batch 1300/6212 | Loss: 3.1110
Epoch 2 | Batch 1400/6212 | Loss: 3.3852
Epoch 2 | Batch 1500/6212 | Loss: 3.1910
Epoch 2 | Batch 1600/6212 | Loss: 3.4341
Epoch 2 | Batch 1700/6212 | Loss: 3.7799
Epoch 2 | Batch 1800/6212 | Loss: 3.5392
Epoch 2 | Batch 1900/6212 | Loss: 3.4361
Epoch 2 | Batch 2000/6212 | Loss: 3.8811
Epoch 2 | Batch 2100/6212 | Loss: 3.5593
Epoch 2 | Batch 2200/6212 | Loss: 3.3460
Epoch 2 | Batch 2300/6212 | Loss: 3.6325
Epoch 2 | Batch 2400/6212 | Loss: 3.4121
Epoch 2 | Batch 2500/6212 | Loss: 3.2482
Epoch 2 | Batch 2600/6212 | Loss: 3.2812
Epoch 2 | Batch 2700/6212 | Loss: 3.6400
Epoch 2 | Batch 2800/6212 | Loss: 3.8256
Epoch 2 | Batch 2900/6212 | Loss: 3.7214
Epoch 2 | Batch 3000/6212 | Loss: 3.2928
Epoch 2 | Batch 3100/6212 | Loss: 3.1113
Epoch 2 | Batch 3200/6212 | Loss: 3.7601
Epoch 2 | Batch 3300/6212 | Loss: 3.3343
Epoch 2 | Batch 3400/6212 | Loss: 3.3844
Epoch 2 | Batch 3500/6212 | Loss: 3.3161
Epoch 2 | Batch 3600/6212 | Loss: 3.4751
Epoch 2 | Batch 3700/6212 | Loss: 3.4416
Epoch 2 | Batch 3800/6212 | Loss: 3.1665
Epoch 2 | Batch 3900/6212 | Loss: 3.4388
Epoch 2 | Batch 4000/6212 | Loss: 3.5782
Epoch 2 | Batch 4100/6212 | Loss: 3.4778
Epoch 2 | Batch 4200/6212 | Loss: 3.1924
Epoch 2 | Batch 4300/6212 | Loss: 3.1998
Epoch 2 | Batch 4400/6212 | Loss: 3.3241
Epoch 2 | Batch 4500/6212 | Loss: 3.1971
Epoch 2 | Batch 4600/6212 | Loss: 3.1775
Epoch 2 | Batch 4700/6212 | Loss: 3.3059
Epoch 2 | Batch 4800/6212 | Loss: 3.3025
Epoch 2 | Batch 4900/6212 | Loss: 3.2353
Epoch 2 | Batch 5000/6212 | Loss: 3.3204
Epoch 2 | Batch 5100/6212 | Loss: 3.4003
Epoch 2 | Batch 5200/6212 | Loss: 3.2642
Epoch 2 | Batch 5300/6212 | Loss: 3.2766
Epoch 2 | Batch 5400/6212 | Loss: 3.2822
Epoch 2 | Batch 5500/6212 | Loss: 3.4348
Epoch 2 | Batch 5600/6212 | Loss: 3.3464
Epoch 2 | Batch 5700/6212 | Loss: 3.0911
Epoch 2 | Batch 5800/6212 | Loss: 3.2139
Epoch 2 | Batch 5900/6212 | Loss: 3.4238
Epoch 2 | Batch 6000/6212 | Loss: 3.2927
Epoch 2 | Batch 6100/6212 | Loss: 3.1740
Epoch 2 | Batch 6200/6212 | Loss: 2.9491
Epoch 2 | Time: 129.0s | Train Loss: 3.3919 | Val Loss: 4.0072
New best model! Val Loss: 4.0072
Epoch 3 | Batch 0/6212 | Loss: 3.0524
Epoch 3 | Batch 100/6212 | Loss: 2.9418
Epoch 3 | Batch 200/6212 | Loss: 3.1114
Epoch 3 | Batch 300/6212 | Loss: 3.3422
Epoch 3 | Batch 400/6212 | Loss: 2.8260
Epoch 3 | Batch 500/6212 | Loss: 3.1561
Epoch 3 | Batch 600/6212 | Loss: 2.9376
Epoch 3 | Batch 700/6212 | Loss: 3.3352
Epoch 3 | Batch 800/6212 | Loss: 3.2658
Epoch 3 | Batch 900/6212 | Loss: 2.9781
Epoch 3 | Batch 1000/6212 | Loss: 2.7760
Epoch 3 | Batch 1100/6212 | Loss: 3.3610
Epoch 3 | Batch 1200/6212 | Loss: 2.8877
Epoch 3 | Batch 1300/6212 | Loss: 2.9428
Epoch 3 | Batch 1400/6212 | Loss: 3.1139
Epoch 3 | Batch 1500/6212 | Loss: 3.0131
Epoch 3 | Batch 1600/6212 | Loss: 2.8072
Epoch 3 | Batch 1700/6212 | Loss: 3.4639
Epoch 3 | Batch 1800/6212 | Loss: 3.0499
Epoch 3 | Batch 1900/6212 | Loss: 3.1479
Epoch 3 | Batch 2000/6212 | Loss: 2.7917
Epoch 3 | Batch 2100/6212 | Loss: 3.3505
Epoch 3 | Batch 2200/6212 | Loss: 3.1252
Epoch 3 | Batch 2300/6212 | Loss: 3.1516
Epoch 3 | Batch 2400/6212 | Loss: 2.9160
Epoch 3 | Batch 2500/6212 | Loss: 2.6781
Epoch 3 | Batch 2600/6212 | Loss: 3.2552
Epoch 3 | Batch 2700/6212 | Loss: 3.1387
Epoch 3 | Batch 2800/6212 | Loss: 3.4086
Epoch 3 | Batch 2900/6212 | Loss: 3.2592
Epoch 3 | Batch 3000/6212 | Loss: 3.0075
Epoch 3 | Batch 3100/6212 | Loss: 2.8287
Epoch 3 | Batch 3200/6212 | Loss: 2.8943
Epoch 3 | Batch 3300/6212 | Loss: 2.9745
Epoch 3 | Batch 3400/6212 | Loss: 2.7272
Epoch 3 | Batch 3500/6212 | Loss: 2.9037
Epoch 3 | Batch 3600/6212 | Loss: 2.9525
Epoch 3 | Batch 3700/6212 | Loss: 3.0605
Epoch 3 | Batch 3800/6212 | Loss: 2.8707
Epoch 3 | Batch 3900/6212 | Loss: 3.0325
Epoch 3 | Batch 4000/6212 | Loss: 2.8652
Epoch 3 | Batch 4100/6212 | Loss: 2.8071
Epoch 3 | Batch 4200/6212 | Loss: 2.6752
Epoch 3 | Batch 4300/6212 | Loss: 3.0323
Epoch 3 | Batch 4400/6212 | Loss: 2.8595
Epoch 3 | Batch 4500/6212 | Loss: 3.1880
Epoch 3 | Batch 4600/6212 | Loss: 3.2592
Epoch 3 | Batch 4700/6212 | Loss: 3.4304
Epoch 3 | Batch 4800/6212 | Loss: 2.9038
Epoch 3 | Batch 4900/6212 | Loss: 3.2050
Epoch 3 | Batch 5000/6212 | Loss: 3.2817
Epoch 3 | Batch 5100/6212 | Loss: 2.7239
Epoch 3 | Batch 5200/6212 | Loss: 2.7267
Epoch 3 | Batch 5300/6212 | Loss: 2.9295
Epoch 3 | Batch 5400/6212 | Loss: 3.0454
Epoch 3 | Batch 5500/6212 | Loss: 3.0680
Epoch 3 | Batch 5600/6212 | Loss: 2.7160
Epoch 3 | Batch 5700/6212 | Loss: 3.0079
Epoch 3 | Batch 5800/6212 | Loss: 3.0315
Epoch 3 | Batch 5900/6212 | Loss: 2.6818
Epoch 3 | Batch 6000/6212 | Loss: 2.9144
Epoch 3 | Batch 6100/6212 | Loss: 2.9913
Epoch 3 | Batch 6200/6212 | Loss: 3.1802
Epoch 3 | Time: 129.6s | Train Loss: 3.0334 | Val Loss: 3.8549
New best model! Val Loss: 3.8549
Epoch 4 | Batch 0/6212 | Loss: 2.7100
Epoch 4 | Batch 100/6212 | Loss: 3.0433
Epoch 4 | Batch 200/6212 | Loss: 2.5978
Epoch 4 | Batch 300/6212 | Loss: 3.0575
Epoch 4 | Batch 400/6212 | Loss: 2.7224
Epoch 4 | Batch 500/6212 | Loss: 2.6656
Epoch 4 | Batch 600/6212 | Loss: 2.6459
Epoch 4 | Batch 700/6212 | Loss: 2.7623
Epoch 4 | Batch 800/6212 | Loss: 2.9699
Epoch 4 | Batch 900/6212 | Loss: 2.7973
Epoch 4 | Batch 1000/6212 | Loss: 2.4431
Epoch 4 | Batch 1100/6212 | Loss: 2.5893
Epoch 4 | Batch 1200/6212 | Loss: 2.7933
Epoch 4 | Batch 1300/6212 | Loss: 2.6357
Epoch 4 | Batch 1400/6212 | Loss: 2.3736
Epoch 4 | Batch 1500/6212 | Loss: 2.7378
Epoch 4 | Batch 1600/6212 | Loss: 3.0632
Epoch 4 | Batch 1700/6212 | Loss: 2.4334
Epoch 4 | Batch 1800/6212 | Loss: 2.4964
Epoch 4 | Batch 1900/6212 | Loss: 2.4881
Epoch 4 | Batch 2000/6212 | Loss: 2.7234
Epoch 4 | Batch 2100/6212 | Loss: 2.7512
Epoch 4 | Batch 2200/6212 | Loss: 2.8099
Epoch 4 | Batch 2300/6212 | Loss: 2.7896
Epoch 4 | Batch 2400/6212 | Loss: 2.9452
Epoch 4 | Batch 2500/6212 | Loss: 2.5948
Epoch 4 | Batch 2600/6212 | Loss: 2.7412
Epoch 4 | Batch 2700/6212 | Loss: 3.2218
Epoch 4 | Batch 2800/6212 | Loss: 2.6050
Epoch 4 | Batch 2900/6212 | Loss: 2.7674
Epoch 4 | Batch 3000/6212 | Loss: 2.7102
Epoch 4 | Batch 3100/6212 | Loss: 3.0895
Epoch 4 | Batch 3200/6212 | Loss: 2.7902
Epoch 4 | Batch 3300/6212 | Loss: 2.9686
Epoch 4 | Batch 3400/6212 | Loss: 2.8917
Epoch 4 | Batch 3500/6212 | Loss: 2.5433
Epoch 4 | Batch 3600/6212 | Loss: 2.6482
Epoch 4 | Batch 3700/6212 | Loss: 3.1821
Epoch 4 | Batch 3800/6212 | Loss: 2.6366
Epoch 4 | Batch 3900/6212 | Loss: 3.1803
Epoch 4 | Batch 4000/6212 | Loss: 3.2493
Epoch 4 | Batch 4100/6212 | Loss: 2.7312
Epoch 4 | Batch 4200/6212 | Loss: 2.8102
Epoch 4 | Batch 4300/6212 | Loss: 2.5180
Epoch 4 | Batch 4400/6212 | Loss: 2.8002
Epoch 4 | Batch 4500/6212 | Loss: 2.9652
Epoch 4 | Batch 4600/6212 | Loss: 2.8257
Epoch 4 | Batch 4700/6212 | Loss: 2.6131
Epoch 4 | Batch 4800/6212 | Loss: 2.7520
Epoch 4 | Batch 4900/6212 | Loss: 2.7377
Epoch 4 | Batch 5000/6212 | Loss: 2.8656
Epoch 4 | Batch 5100/6212 | Loss: 2.6070
Epoch 4 | Batch 5200/6212 | Loss: 2.7746
Epoch 4 | Batch 5300/6212 | Loss: 2.7972
Epoch 4 | Batch 5400/6212 | Loss: 2.7675
Epoch 4 | Batch 5500/6212 | Loss: 3.0803
Epoch 4 | Batch 5600/6212 | Loss: 2.7334
Epoch 4 | Batch 5700/6212 | Loss: 2.7206
Epoch 4 | Batch 5800/6212 | Loss: 2.5580
Epoch 4 | Batch 5900/6212 | Loss: 2.9725
Epoch 4 | Batch 6000/6212 | Loss: 2.6136
Epoch 4 | Batch 6100/6212 | Loss: 2.8036
Epoch 4 | Batch 6200/6212 | Loss: 2.4080
Epoch 4 | Time: 129.1s | Train Loss: 2.7902 | Val Loss: 3.7520
New best model! Val Loss: 3.7520
Epoch 5 | Batch 0/6212 | Loss: 2.4874
Epoch 5 | Batch 100/6212 | Loss: 2.8740
Epoch 5 | Batch 200/6212 | Loss: 2.7651
Epoch 5 | Batch 300/6212 | Loss: 2.4154
Epoch 5 | Batch 400/6212 | Loss: 2.9224
Epoch 5 | Batch 500/6212 | Loss: 2.7060
Epoch 5 | Batch 600/6212 | Loss: 2.9773
Epoch 5 | Batch 700/6212 | Loss: 2.7865
Epoch 5 | Batch 800/6212 | Loss: 2.5896
Epoch 5 | Batch 900/6212 | Loss: 2.5729
Epoch 5 | Batch 1000/6212 | Loss: 2.9425
Epoch 5 | Batch 1100/6212 | Loss: 2.6075
Epoch 5 | Batch 1200/6212 | Loss: 2.6095
Epoch 5 | Batch 1300/6212 | Loss: 2.4486
Epoch 5 | Batch 1400/6212 | Loss: 2.5176
Epoch 5 | Batch 1500/6212 | Loss: 2.4939
Epoch 5 | Batch 1600/6212 | Loss: 2.7973
Epoch 5 | Batch 1700/6212 | Loss: 2.6907
Epoch 5 | Batch 1800/6212 | Loss: 2.9586
Epoch 5 | Batch 1900/6212 | Loss: 2.6017
Epoch 5 | Batch 2000/6212 | Loss: 2.5784
Epoch 5 | Batch 2100/6212 | Loss: 2.6394
Epoch 5 | Batch 2200/6212 | Loss: 2.5383
Epoch 5 | Batch 2300/6212 | Loss: 2.7195
Epoch 5 | Batch 2400/6212 | Loss: 2.6171
Epoch 5 | Batch 2500/6212 | Loss: 2.3233
Epoch 5 | Batch 2600/6212 | Loss: 2.9590
Epoch 5 | Batch 2700/6212 | Loss: 2.4719
Epoch 5 | Batch 2800/6212 | Loss: 2.4354
Epoch 5 | Batch 2900/6212 | Loss: 2.8579
Epoch 5 | Batch 3000/6212 | Loss: 2.8077
Epoch 5 | Batch 3100/6212 | Loss: 2.7806
Epoch 5 | Batch 3200/6212 | Loss: 2.3500
Epoch 5 | Batch 3300/6212 | Loss: 2.4478
Epoch 5 | Batch 3400/6212 | Loss: 2.6264
Epoch 5 | Batch 3500/6212 | Loss: 2.8539
Epoch 5 | Batch 3600/6212 | Loss: 2.2490
Epoch 5 | Batch 3700/6212 | Loss: 3.0240
Epoch 5 | Batch 3800/6212 | Loss: 2.6609
Epoch 5 | Batch 3900/6212 | Loss: 2.7552
Epoch 5 | Batch 4000/6212 | Loss: 2.7326
Epoch 5 | Batch 4100/6212 | Loss: 2.4489
Epoch 5 | Batch 4200/6212 | Loss: 2.6429
Epoch 5 | Batch 4300/6212 | Loss: 2.6493
Epoch 5 | Batch 4400/6212 | Loss: 2.5087
Epoch 5 | Batch 4500/6212 | Loss: 2.5678
Epoch 5 | Batch 4600/6212 | Loss: 2.8330
Epoch 5 | Batch 4700/6212 | Loss: 2.8414
Epoch 5 | Batch 4800/6212 | Loss: 2.6335
Epoch 5 | Batch 4900/6212 | Loss: 2.9174
Epoch 5 | Batch 5000/6212 | Loss: 2.9524
Epoch 5 | Batch 5100/6212 | Loss: 2.6545
Epoch 5 | Batch 5200/6212 | Loss: 2.0431
Epoch 5 | Batch 5300/6212 | Loss: 2.6931
Epoch 5 | Batch 5400/6212 | Loss: 3.1872
Epoch 5 | Batch 5500/6212 | Loss: 2.7477
Epoch 5 | Batch 5600/6212 | Loss: 2.4976
Epoch 5 | Batch 5700/6212 | Loss: 2.9701
Epoch 5 | Batch 5800/6212 | Loss: 2.6376
Epoch 5 | Batch 5900/6212 | Loss: 2.3200
Epoch 5 | Batch 6000/6212 | Loss: 2.7764
Epoch 5 | Batch 6100/6212 | Loss: 2.8274
Epoch 5 | Batch 6200/6212 | Loss: 2.6307
Epoch 5 | Time: 129.8s | Train Loss: 2.6148 | Val Loss: 3.6740
New best model! Val Loss: 3.6740
Epoch 6 | Batch 0/6212 | Loss: 2.7208
Epoch 6 | Batch 100/6212 | Loss: 2.3242
Epoch 6 | Batch 200/6212 | Loss: 2.2364
Epoch 6 | Batch 300/6212 | Loss: 2.7230
Epoch 6 | Batch 400/6212 | Loss: 2.3877
Epoch 6 | Batch 500/6212 | Loss: 2.7445
Epoch 6 | Batch 600/6212 | Loss: 2.7127
Epoch 6 | Batch 700/6212 | Loss: 2.4619
Epoch 6 | Batch 800/6212 | Loss: 2.4638
Epoch 6 | Batch 900/6212 | Loss: 2.4217
Epoch 6 | Batch 1000/6212 | Loss: 2.2658
Epoch 6 | Batch 1100/6212 | Loss: 2.5257
Epoch 6 | Batch 1200/6212 | Loss: 2.5449
Epoch 6 | Batch 1300/6212 | Loss: 2.3816
Epoch 6 | Batch 1400/6212 | Loss: 2.1135
Epoch 6 | Batch 1500/6212 | Loss: 2.7000
Epoch 6 | Batch 1600/6212 | Loss: 2.4505
Epoch 6 | Batch 1700/6212 | Loss: 2.2822
Epoch 6 | Batch 1800/6212 | Loss: 2.4860
Epoch 6 | Batch 1900/6212 | Loss: 2.1839
Epoch 6 | Batch 2000/6212 | Loss: 2.3671
Epoch 6 | Batch 2100/6212 | Loss: 2.6649
Epoch 6 | Batch 2200/6212 | Loss: 2.2169
Epoch 6 | Batch 2300/6212 | Loss: 2.6419
Epoch 6 | Batch 2400/6212 | Loss: 2.5134
Epoch 6 | Batch 2500/6212 | Loss: 2.6829
Epoch 6 | Batch 2600/6212 | Loss: 2.7056
Epoch 6 | Batch 2700/6212 | Loss: 2.3570
Epoch 6 | Batch 2800/6212 | Loss: 2.6437
Epoch 6 | Batch 2900/6212 | Loss: 2.6179
Epoch 6 | Batch 3000/6212 | Loss: 2.4762
Epoch 6 | Batch 3100/6212 | Loss: 2.0590
Epoch 6 | Batch 3200/6212 | Loss: 2.4789
Epoch 6 | Batch 3300/6212 | Loss: 2.5058
Epoch 6 | Batch 3400/6212 | Loss: 2.4372
Epoch 6 | Batch 3500/6212 | Loss: 2.7102
Epoch 6 | Batch 3600/6212 | Loss: 2.6614
Epoch 6 | Batch 3700/6212 | Loss: 2.6608
Epoch 6 | Batch 3800/6212 | Loss: 2.7497
Epoch 6 | Batch 3900/6212 | Loss: 2.8420
Epoch 6 | Batch 4000/6212 | Loss: 2.6441
Epoch 6 | Batch 4100/6212 | Loss: 2.4738
Epoch 6 | Batch 4200/6212 | Loss: 2.6612
Epoch 6 | Batch 4300/6212 | Loss: 2.5723
Epoch 6 | Batch 4400/6212 | Loss: 2.6439
Epoch 6 | Batch 4500/6212 | Loss: 2.7568
Epoch 6 | Batch 4600/6212 | Loss: 2.2208
Epoch 6 | Batch 4700/6212 | Loss: 2.1275
Epoch 6 | Batch 4800/6212 | Loss: 2.4306
Epoch 6 | Batch 4900/6212 | Loss: 2.3985
Epoch 6 | Batch 5000/6212 | Loss: 2.3390
Epoch 6 | Batch 5100/6212 | Loss: 2.3720
Epoch 6 | Batch 5200/6212 | Loss: 2.5922
Epoch 6 | Batch 5300/6212 | Loss: 2.5985
Epoch 6 | Batch 5400/6212 | Loss: 2.5217
Epoch 6 | Batch 5500/6212 | Loss: 2.5808
Epoch 6 | Batch 5600/6212 | Loss: 2.4806
Epoch 6 | Batch 5700/6212 | Loss: 2.2736
Epoch 6 | Batch 5800/6212 | Loss: 2.6695
Epoch 6 | Batch 5900/6212 | Loss: 2.3526
Epoch 6 | Batch 6000/6212 | Loss: 2.3614
Epoch 6 | Batch 6100/6212 | Loss: 2.3105
Epoch 6 | Batch 6200/6212 | Loss: 2.4553
Epoch 6 | Time: 128.2s | Train Loss: 2.4791 | Val Loss: 3.6441
New best model! Val Loss: 3.6441
Epoch 7 | Batch 0/6212 | Loss: 2.3061
Epoch 7 | Batch 100/6212 | Loss: 2.5983
Epoch 7 | Batch 200/6212 | Loss: 2.3543
Epoch 7 | Batch 300/6212 | Loss: 2.2628
Epoch 7 | Batch 400/6212 | Loss: 2.9525
Epoch 7 | Batch 500/6212 | Loss: 2.5837
Epoch 7 | Batch 600/6212 | Loss: 2.3044
Epoch 7 | Batch 700/6212 | Loss: 2.4735
Epoch 7 | Batch 800/6212 | Loss: 2.5291
Epoch 7 | Batch 900/6212 | Loss: 2.5549
Epoch 7 | Batch 1000/6212 | Loss: 2.3015
Epoch 7 | Batch 1100/6212 | Loss: 2.1812
Epoch 7 | Batch 1200/6212 | Loss: 2.2778
Epoch 7 | Batch 1300/6212 | Loss: 2.3060
Epoch 7 | Batch 1400/6212 | Loss: 2.2809
Epoch 7 | Batch 1500/6212 | Loss: 2.2479
Epoch 7 | Batch 1600/6212 | Loss: 2.2312
Epoch 7 | Batch 1700/6212 | Loss: 2.7328
Epoch 7 | Batch 1800/6212 | Loss: 2.4219
Epoch 7 | Batch 1900/6212 | Loss: 2.2933
Epoch 7 | Batch 2000/6212 | Loss: 2.3165
Epoch 7 | Batch 2100/6212 | Loss: 2.1984
Epoch 7 | Batch 2200/6212 | Loss: 2.7598
Epoch 7 | Batch 2300/6212 | Loss: 2.5711
Epoch 7 | Batch 2400/6212 | Loss: 2.2497
Epoch 7 | Batch 2500/6212 | Loss: 2.3483
Epoch 7 | Batch 2600/6212 | Loss: 2.2808
Epoch 7 | Batch 2700/6212 | Loss: 1.9982
Epoch 7 | Batch 2800/6212 | Loss: 2.7114
Epoch 7 | Batch 2900/6212 | Loss: 2.3351
Epoch 7 | Batch 3000/6212 | Loss: 2.0356
Epoch 7 | Batch 3100/6212 | Loss: 2.4776
Epoch 7 | Batch 3200/6212 | Loss: 2.2738
Epoch 7 | Batch 3300/6212 | Loss: 2.3301
Epoch 7 | Batch 3400/6212 | Loss: 1.8663
Epoch 7 | Batch 3500/6212 | Loss: 2.4201
Epoch 7 | Batch 3600/6212 | Loss: 2.3972
Epoch 7 | Batch 3700/6212 | Loss: 2.2919
Epoch 7 | Batch 3800/6212 | Loss: 2.3708
Epoch 7 | Batch 3900/6212 | Loss: 2.1766
Epoch 7 | Batch 4000/6212 | Loss: 2.5553
Epoch 7 | Batch 4100/6212 | Loss: 2.4209
Epoch 7 | Batch 4200/6212 | Loss: 2.5206
Epoch 7 | Batch 4300/6212 | Loss: 2.4304
Epoch 7 | Batch 4400/6212 | Loss: 2.3991
Epoch 7 | Batch 4500/6212 | Loss: 2.2041
Epoch 7 | Batch 4600/6212 | Loss: 2.5484
Epoch 7 | Batch 4700/6212 | Loss: 2.1180
Epoch 7 | Batch 4800/6212 | Loss: 2.5036
Epoch 7 | Batch 4900/6212 | Loss: 2.4382
Epoch 7 | Batch 5000/6212 | Loss: 2.3007
Epoch 7 | Batch 5100/6212 | Loss: 2.2628
Epoch 7 | Batch 5200/6212 | Loss: 1.9471
Epoch 7 | Batch 5300/6212 | Loss: 2.5083
Epoch 7 | Batch 5400/6212 | Loss: 2.5214
Epoch 7 | Batch 5500/6212 | Loss: 2.4302
Epoch 7 | Batch 5600/6212 | Loss: 2.3488
Epoch 7 | Batch 5700/6212 | Loss: 2.1982
Epoch 7 | Batch 5800/6212 | Loss: 2.2594
Epoch 7 | Batch 5900/6212 | Loss: 2.5660
Epoch 7 | Batch 6000/6212 | Loss: 2.7373
Epoch 7 | Batch 6100/6212 | Loss: 2.3180
Epoch 7 | Batch 6200/6212 | Loss: 2.0951
Epoch 7 | Time: 129.1s | Train Loss: 2.3679 | Val Loss: 3.6302
New best model! Val Loss: 3.6302
Epoch 8 | Batch 0/6212 | Loss: 2.3595
Epoch 8 | Batch 100/6212 | Loss: 2.2624
Epoch 8 | Batch 200/6212 | Loss: 2.1823
Epoch 8 | Batch 300/6212 | Loss: 2.0163
Epoch 8 | Batch 400/6212 | Loss: 2.1970
Epoch 8 | Batch 500/6212 | Loss: 1.9332
Epoch 8 | Batch 600/6212 | Loss: 2.2778
Epoch 8 | Batch 700/6212 | Loss: 2.4338
Epoch 8 | Batch 800/6212 | Loss: 2.6803
Epoch 8 | Batch 900/6212 | Loss: 2.4198
Epoch 8 | Batch 1000/6212 | Loss: 2.3780
Epoch 8 | Batch 1100/6212 | Loss: 1.9980
Epoch 8 | Batch 1200/6212 | Loss: 2.2757
Epoch 8 | Batch 1300/6212 | Loss: 2.1352
Epoch 8 | Batch 1400/6212 | Loss: 1.7107
Epoch 8 | Batch 1500/6212 | Loss: 2.3667
Epoch 8 | Batch 1600/6212 | Loss: 2.2729
Epoch 8 | Batch 1700/6212 | Loss: 2.0349
Epoch 8 | Batch 1800/6212 | Loss: 2.4535
Epoch 8 | Batch 1900/6212 | Loss: 2.1687
Epoch 8 | Batch 2000/6212 | Loss: 2.5958
Epoch 8 | Batch 2100/6212 | Loss: 1.9896
Epoch 8 | Batch 2200/6212 | Loss: 2.2764
Epoch 8 | Batch 2300/6212 | Loss: 2.1259
Epoch 8 | Batch 2400/6212 | Loss: 2.5868
Epoch 8 | Batch 2500/6212 | Loss: 2.4042
Epoch 8 | Batch 2600/6212 | Loss: 2.2723
Epoch 8 | Batch 2700/6212 | Loss: 2.0315
Epoch 8 | Batch 2800/6212 | Loss: 2.3856
Epoch 8 | Batch 2900/6212 | Loss: 2.2756
Epoch 8 | Batch 3000/6212 | Loss: 1.8426
Epoch 8 | Batch 3100/6212 | Loss: 2.0099
Epoch 8 | Batch 3200/6212 | Loss: 2.5437
Epoch 8 | Batch 3300/6212 | Loss: 2.2657
Epoch 8 | Batch 3400/6212 | Loss: 2.3748
Epoch 8 | Batch 3500/6212 | Loss: 2.2615
Epoch 8 | Batch 3600/6212 | Loss: 2.2087
Epoch 8 | Batch 3700/6212 | Loss: 2.2008
Epoch 8 | Batch 3800/6212 | Loss: 2.7081
Epoch 8 | Batch 3900/6212 | Loss: 2.5197
Epoch 8 | Batch 4000/6212 | Loss: 2.0239
Epoch 8 | Batch 4100/6212 | Loss: 2.3714
Epoch 8 | Batch 4200/6212 | Loss: 2.1962
Epoch 8 | Batch 4300/6212 | Loss: 2.4895
Epoch 8 | Batch 4400/6212 | Loss: 2.5038
Epoch 8 | Batch 4500/6212 | Loss: 2.2826
Epoch 8 | Batch 4600/6212 | Loss: 2.2730
Epoch 8 | Batch 4700/6212 | Loss: 2.0132
Epoch 8 | Batch 4800/6212 | Loss: 2.1249
Epoch 8 | Batch 4900/6212 | Loss: 2.2143
Epoch 8 | Batch 5000/6212 | Loss: 2.4435
Epoch 8 | Batch 5100/6212 | Loss: 2.1734
Epoch 8 | Batch 5200/6212 | Loss: 2.6166
Epoch 8 | Batch 5300/6212 | Loss: 2.4399
Epoch 8 | Batch 5400/6212 | Loss: 2.1347
Epoch 8 | Batch 5500/6212 | Loss: 2.1219
Epoch 8 | Batch 5600/6212 | Loss: 2.5887
Epoch 8 | Batch 5700/6212 | Loss: 2.4547
Epoch 8 | Batch 5800/6212 | Loss: 2.4931
Epoch 8 | Batch 5900/6212 | Loss: 2.1635
Epoch 8 | Batch 6000/6212 | Loss: 2.3624
Epoch 8 | Batch 6100/6212 | Loss: 2.3768
Epoch 8 | Batch 6200/6212 | Loss: 2.2685
Epoch 8 | Time: 127.9s | Train Loss: 2.2755 | Val Loss: 3.5953
New best model! Val Loss: 3.5953
Epoch 9 | Batch 0/6212 | Loss: 2.0580
Epoch 9 | Batch 100/6212 | Loss: 2.0310
Epoch 9 | Batch 200/6212 | Loss: 2.3047
Epoch 9 | Batch 300/6212 | Loss: 2.3034
Epoch 9 | Batch 400/6212 | Loss: 2.1787
Epoch 9 | Batch 500/6212 | Loss: 2.0707
Epoch 9 | Batch 600/6212 | Loss: 2.3960
Epoch 9 | Batch 700/6212 | Loss: 2.3165
Epoch 9 | Batch 800/6212 | Loss: 1.9329
Epoch 9 | Batch 900/6212 | Loss: 1.8901
Epoch 9 | Batch 1000/6212 | Loss: 2.3096
Epoch 9 | Batch 1100/6212 | Loss: 1.9028
Epoch 9 | Batch 1200/6212 | Loss: 2.2420
Epoch 9 | Batch 1300/6212 | Loss: 2.4520
Epoch 9 | Batch 1400/6212 | Loss: 2.1435
Epoch 9 | Batch 1500/6212 | Loss: 2.2800
Epoch 9 | Batch 1600/6212 | Loss: 2.3509
Epoch 9 | Batch 1700/6212 | Loss: 2.3374
Epoch 9 | Batch 1800/6212 | Loss: 2.2525
Epoch 9 | Batch 1900/6212 | Loss: 1.8584
Epoch 9 | Batch 2000/6212 | Loss: 2.1321
Epoch 9 | Batch 2100/6212 | Loss: 1.8607
Epoch 9 | Batch 2200/6212 | Loss: 2.1384
Epoch 9 | Batch 2300/6212 | Loss: 1.8341
Epoch 9 | Batch 2400/6212 | Loss: 1.9446
Epoch 9 | Batch 2500/6212 | Loss: 2.3770
Epoch 9 | Batch 2600/6212 | Loss: 1.8636
Epoch 9 | Batch 2700/6212 | Loss: 2.0653
Epoch 9 | Batch 2800/6212 | Loss: 2.2877
Epoch 9 | Batch 2900/6212 | Loss: 2.4096
Epoch 9 | Batch 3000/6212 | Loss: 2.1087
Epoch 9 | Batch 3100/6212 | Loss: 2.1998
Epoch 9 | Batch 3200/6212 | Loss: 1.9842
Epoch 9 | Batch 3300/6212 | Loss: 1.9710
Epoch 9 | Batch 3400/6212 | Loss: 2.4779
Epoch 9 | Batch 3500/6212 | Loss: 2.3878
Epoch 9 | Batch 3600/6212 | Loss: 1.9861
Epoch 9 | Batch 3700/6212 | Loss: 2.1625
Epoch 9 | Batch 3800/6212 | Loss: 2.2581
Epoch 9 | Batch 3900/6212 | Loss: 1.9039
Epoch 9 | Batch 4000/6212 | Loss: 2.4597
Epoch 9 | Batch 4100/6212 | Loss: 2.1896
Epoch 9 | Batch 4200/6212 | Loss: 2.1642
Epoch 9 | Batch 4300/6212 | Loss: 2.5286
Epoch 9 | Batch 4400/6212 | Loss: 2.5688
Epoch 9 | Batch 4500/6212 | Loss: 2.4304
Epoch 9 | Batch 4600/6212 | Loss: 2.0480
Epoch 9 | Batch 4700/6212 | Loss: 2.1163
Epoch 9 | Batch 4800/6212 | Loss: 2.0097
Epoch 9 | Batch 4900/6212 | Loss: 2.0357
Epoch 9 | Batch 5000/6212 | Loss: 2.0638
Epoch 9 | Batch 5100/6212 | Loss: 1.6671
Epoch 9 | Batch 5200/6212 | Loss: 2.3448
Epoch 9 | Batch 5300/6212 | Loss: 2.0987
Epoch 9 | Batch 5400/6212 | Loss: 2.2892
Epoch 9 | Batch 5500/6212 | Loss: 2.2800
Epoch 9 | Batch 5600/6212 | Loss: 2.2267
Epoch 9 | Batch 5700/6212 | Loss: 2.2162
Epoch 9 | Batch 5800/6212 | Loss: 2.5310
Epoch 9 | Batch 5900/6212 | Loss: 1.8309
Epoch 9 | Batch 6000/6212 | Loss: 2.1518
Epoch 9 | Batch 6100/6212 | Loss: 2.1952
Epoch 9 | Batch 6200/6212 | Loss: 2.1651
Epoch 9 | Time: 127.9s | Train Loss: 2.1959 | Val Loss: 3.5868
New best model! Val Loss: 3.5868
Epoch 10 | Batch 0/6212 | Loss: 2.0713
Epoch 10 | Batch 100/6212 | Loss: 2.0044
Epoch 10 | Batch 200/6212 | Loss: 2.2313
Epoch 10 | Batch 300/6212 | Loss: 2.7054
Epoch 10 | Batch 400/6212 | Loss: 2.2047
Epoch 10 | Batch 500/6212 | Loss: 1.8801
Epoch 10 | Batch 600/6212 | Loss: 1.9869
Epoch 10 | Batch 700/6212 | Loss: 2.2243
Epoch 10 | Batch 800/6212 | Loss: 1.7717
Epoch 10 | Batch 900/6212 | Loss: 2.2480
Epoch 10 | Batch 1000/6212 | Loss: 2.1551
Epoch 10 | Batch 1100/6212 | Loss: 2.3581
Epoch 10 | Batch 1200/6212 | Loss: 2.0874
Epoch 10 | Batch 1300/6212 | Loss: 2.2113
Epoch 10 | Batch 1400/6212 | Loss: 2.5767
Epoch 10 | Batch 1500/6212 | Loss: 2.3966
Epoch 10 | Batch 1600/6212 | Loss: 2.1859
Epoch 10 | Batch 1700/6212 | Loss: 2.2527
Epoch 10 | Batch 1800/6212 | Loss: 2.2273
Epoch 10 | Batch 1900/6212 | Loss: 2.2261
Epoch 10 | Batch 2000/6212 | Loss: 2.2109
Epoch 10 | Batch 2100/6212 | Loss: 2.2380
Epoch 10 | Batch 2200/6212 | Loss: 2.2893
Epoch 10 | Batch 2300/6212 | Loss: 1.9681
Epoch 10 | Batch 2400/6212 | Loss: 1.9276
Epoch 10 | Batch 2500/6212 | Loss: 2.1984
Epoch 10 | Batch 2600/6212 | Loss: 2.1011
Epoch 10 | Batch 2700/6212 | Loss: 1.7733
Epoch 10 | Batch 2800/6212 | Loss: 1.9674
Epoch 10 | Batch 2900/6212 | Loss: 2.2124
Epoch 10 | Batch 3000/6212 | Loss: 2.1148
Epoch 10 | Batch 3100/6212 | Loss: 2.0634
Epoch 10 | Batch 3200/6212 | Loss: 2.1677
Epoch 10 | Batch 3300/6212 | Loss: 1.9934
Epoch 10 | Batch 3400/6212 | Loss: 2.2453
Epoch 10 | Batch 3500/6212 | Loss: 1.8581
Epoch 10 | Batch 3600/6212 | Loss: 2.2102
Epoch 10 | Batch 3700/6212 | Loss: 2.0040
Epoch 10 | Batch 3800/6212 | Loss: 2.1672
Epoch 10 | Batch 3900/6212 | Loss: 2.0644
Epoch 10 | Batch 4000/6212 | Loss: 1.9916
Epoch 10 | Batch 4100/6212 | Loss: 1.7557
Epoch 10 | Batch 4200/6212 | Loss: 2.1856
Epoch 10 | Batch 4300/6212 | Loss: 2.3949
Epoch 10 | Batch 4400/6212 | Loss: 2.2005
Epoch 10 | Batch 4500/6212 | Loss: 2.0468
Epoch 10 | Batch 4600/6212 | Loss: 1.9836
Epoch 10 | Batch 4700/6212 | Loss: 2.2044
Epoch 10 | Batch 4800/6212 | Loss: 2.4786
Epoch 10 | Batch 4900/6212 | Loss: 2.2322
Epoch 10 | Batch 5000/6212 | Loss: 2.2600
Epoch 10 | Batch 5100/6212 | Loss: 2.1193
Epoch 10 | Batch 5200/6212 | Loss: 2.0058
Epoch 10 | Batch 5300/6212 | Loss: 2.1150
Epoch 10 | Batch 5400/6212 | Loss: 2.2436
Epoch 10 | Batch 5500/6212 | Loss: 2.2393
Epoch 10 | Batch 5600/6212 | Loss: 2.2064
Epoch 10 | Batch 5700/6212 | Loss: 2.4467
Epoch 10 | Batch 5800/6212 | Loss: 2.0061
Epoch 10 | Batch 5900/6212 | Loss: 1.9222
Epoch 10 | Batch 6000/6212 | Loss: 1.8756
Epoch 10 | Batch 6100/6212 | Loss: 2.5735
Epoch 10 | Batch 6200/6212 | Loss: 2.3145
Epoch 10 | Time: 128.9s | Train Loss: 2.1264 | Val Loss: 3.5887
Epoch 11 | Batch 0/6212 | Loss: 1.8987
Epoch 11 | Batch 100/6212 | Loss: 2.1602
Epoch 11 | Batch 200/6212 | Loss: 2.0523
Epoch 11 | Batch 300/6212 | Loss: 2.1476
Epoch 11 | Batch 400/6212 | Loss: 2.2585
Epoch 11 | Batch 500/6212 | Loss: 1.7823
Epoch 11 | Batch 600/6212 | Loss: 2.0702
Epoch 11 | Batch 700/6212 | Loss: 1.8435
Epoch 11 | Batch 800/6212 | Loss: 2.1746
Epoch 11 | Batch 900/6212 | Loss: 1.8300
Epoch 11 | Batch 1000/6212 | Loss: 2.3551
Epoch 11 | Batch 1100/6212 | Loss: 2.2513
Epoch 11 | Batch 1200/6212 | Loss: 2.0763
Epoch 11 | Batch 1300/6212 | Loss: 2.3429
Epoch 11 | Batch 1400/6212 | Loss: 1.8202
Epoch 11 | Batch 1500/6212 | Loss: 2.1146
Epoch 11 | Batch 1600/6212 | Loss: 2.0083
Epoch 11 | Batch 1700/6212 | Loss: 1.9708
Epoch 11 | Batch 1800/6212 | Loss: 1.9754
Epoch 11 | Batch 1900/6212 | Loss: 1.9047
Epoch 11 | Batch 2000/6212 | Loss: 2.0992
Epoch 11 | Batch 2100/6212 | Loss: 2.2700
Epoch 11 | Batch 2200/6212 | Loss: 2.2803
Epoch 11 | Batch 2300/6212 | Loss: 1.9176
Epoch 11 | Batch 2400/6212 | Loss: 2.1617
Epoch 11 | Batch 2500/6212 | Loss: 2.2273
Epoch 11 | Batch 2600/6212 | Loss: 1.8493
Epoch 11 | Batch 2700/6212 | Loss: 1.8590
Epoch 11 | Batch 2800/6212 | Loss: 2.0100
Epoch 11 | Batch 2900/6212 | Loss: 2.0388
Epoch 11 | Batch 3000/6212 | Loss: 2.3642
Epoch 11 | Batch 3100/6212 | Loss: 1.9309
Epoch 11 | Batch 3200/6212 | Loss: 2.0721
Epoch 11 | Batch 3300/6212 | Loss: 1.9470
Epoch 11 | Batch 3400/6212 | Loss: 2.2435
Epoch 11 | Batch 3500/6212 | Loss: 1.8140
Epoch 11 | Batch 3600/6212 | Loss: 1.7273
Epoch 11 | Batch 3700/6212 | Loss: 2.1189
Epoch 11 | Batch 3800/6212 | Loss: 2.0764
Epoch 11 | Batch 3900/6212 | Loss: 2.2604
Epoch 11 | Batch 4000/6212 | Loss: 2.0032
Epoch 11 | Batch 4100/6212 | Loss: 2.1390
Epoch 11 | Batch 4200/6212 | Loss: 1.9935
Epoch 11 | Batch 4300/6212 | Loss: 1.6642
Epoch 11 | Batch 4400/6212 | Loss: 1.9893
Epoch 11 | Batch 4500/6212 | Loss: 2.1760
Epoch 11 | Batch 4600/6212 | Loss: 1.6723
Epoch 11 | Batch 4700/6212 | Loss: 2.3602
Epoch 11 | Batch 4800/6212 | Loss: 1.8356
Epoch 11 | Batch 4900/6212 | Loss: 2.0753
Epoch 11 | Batch 5000/6212 | Loss: 1.8788
Epoch 11 | Batch 5100/6212 | Loss: 2.1824
Epoch 11 | Batch 5200/6212 | Loss: 2.3808
Epoch 11 | Batch 5300/6212 | Loss: 2.3737
Epoch 11 | Batch 5400/6212 | Loss: 2.3439
Epoch 11 | Batch 5500/6212 | Loss: 2.0718
Epoch 11 | Batch 5600/6212 | Loss: 2.0822
Epoch 11 | Batch 5700/6212 | Loss: 2.0530
Epoch 11 | Batch 5800/6212 | Loss: 2.2110
Epoch 11 | Batch 5900/6212 | Loss: 2.0133
Epoch 11 | Batch 6000/6212 | Loss: 2.1953
Epoch 11 | Batch 6100/6212 | Loss: 1.8927
Epoch 11 | Batch 6200/6212 | Loss: 1.9907
Epoch 11 | Time: 129.9s | Train Loss: 2.0633 | Val Loss: 3.5736
New best model! Val Loss: 3.5736
Epoch 12 | Batch 0/6212 | Loss: 2.3041
Epoch 12 | Batch 100/6212 | Loss: 1.8670
Epoch 12 | Batch 200/6212 | Loss: 1.9409
Epoch 12 | Batch 300/6212 | Loss: 1.8238
Epoch 12 | Batch 400/6212 | Loss: 1.8517
Epoch 12 | Batch 500/6212 | Loss: 2.0983
Epoch 12 | Batch 600/6212 | Loss: 1.8085
Epoch 12 | Batch 700/6212 | Loss: 2.2433
Epoch 12 | Batch 800/6212 | Loss: 1.6993
Epoch 12 | Batch 900/6212 | Loss: 2.1347
Epoch 12 | Batch 1000/6212 | Loss: 2.0315
Epoch 12 | Batch 1100/6212 | Loss: 1.9611
Epoch 12 | Batch 1200/6212 | Loss: 1.9628
Epoch 12 | Batch 1300/6212 | Loss: 1.7977
Epoch 12 | Batch 1400/6212 | Loss: 2.0563
Epoch 12 | Batch 1500/6212 | Loss: 1.9755
Epoch 12 | Batch 1600/6212 | Loss: 1.8552
Epoch 12 | Batch 1700/6212 | Loss: 2.0240
Epoch 12 | Batch 1800/6212 | Loss: 1.6461
Epoch 12 | Batch 1900/6212 | Loss: 2.0364
Epoch 12 | Batch 2000/6212 | Loss: 1.8313
Epoch 12 | Batch 2100/6212 | Loss: 1.8814
Epoch 12 | Batch 2200/6212 | Loss: 1.8858
Epoch 12 | Batch 2300/6212 | Loss: 1.9673
Epoch 12 | Batch 2400/6212 | Loss: 1.9509
Epoch 12 | Batch 2500/6212 | Loss: 1.7791
Epoch 12 | Batch 2600/6212 | Loss: 2.0396
Epoch 12 | Batch 2700/6212 | Loss: 2.0673
Epoch 12 | Batch 2800/6212 | Loss: 2.0931
Epoch 12 | Batch 2900/6212 | Loss: 2.0006
Epoch 12 | Batch 3000/6212 | Loss: 1.5747
Epoch 12 | Batch 3100/6212 | Loss: 2.0311
Epoch 12 | Batch 3200/6212 | Loss: 2.2846
Epoch 12 | Batch 3300/6212 | Loss: 2.0002
Epoch 12 | Batch 3400/6212 | Loss: 1.8607
Epoch 12 | Batch 3500/6212 | Loss: 2.0754
Epoch 12 | Batch 3600/6212 | Loss: 2.0722
Epoch 12 | Batch 3700/6212 | Loss: 2.0935
Epoch 12 | Batch 3800/6212 | Loss: 1.8304
Epoch 12 | Batch 3900/6212 | Loss: 1.8371
Epoch 12 | Batch 4000/6212 | Loss: 2.0872
Epoch 12 | Batch 4100/6212 | Loss: 2.0278
Epoch 12 | Batch 4200/6212 | Loss: 2.1861
Epoch 12 | Batch 4300/6212 | Loss: 1.8372
Epoch 12 | Batch 4400/6212 | Loss: 1.8547
Epoch 12 | Batch 4500/6212 | Loss: 2.1721
Epoch 12 | Batch 4600/6212 | Loss: 2.2825
Epoch 12 | Batch 4700/6212 | Loss: 1.9308
Epoch 12 | Batch 4800/6212 | Loss: 2.1962
Epoch 12 | Batch 4900/6212 | Loss: 1.9826
Epoch 12 | Batch 5000/6212 | Loss: 2.1686
Epoch 12 | Batch 5100/6212 | Loss: 1.7609
Epoch 12 | Batch 5200/6212 | Loss: 1.9537
Epoch 12 | Batch 5300/6212 | Loss: 1.7916
Epoch 12 | Batch 5400/6212 | Loss: 1.9418
Epoch 12 | Batch 5500/6212 | Loss: 1.9598
Epoch 12 | Batch 5600/6212 | Loss: 2.2702
Epoch 12 | Batch 5700/6212 | Loss: 2.1241
Epoch 12 | Batch 5800/6212 | Loss: 1.9056
Epoch 12 | Batch 5900/6212 | Loss: 2.1396
Epoch 12 | Batch 6000/6212 | Loss: 2.2731
Epoch 12 | Batch 6100/6212 | Loss: 2.0097
Epoch 12 | Batch 6200/6212 | Loss: 2.0661
Epoch 12 | Time: 129.0s | Train Loss: 2.0063 | Val Loss: 3.5785
Epoch 13 | Batch 0/6212 | Loss: 2.1796
Epoch 13 | Batch 100/6212 | Loss: 1.9790
Epoch 13 | Batch 200/6212 | Loss: 2.1619
Epoch 13 | Batch 300/6212 | Loss: 1.7261
Epoch 13 | Batch 400/6212 | Loss: 2.2144
Epoch 13 | Batch 500/6212 | Loss: 1.9348
Epoch 13 | Batch 600/6212 | Loss: 2.0542
Epoch 13 | Batch 700/6212 | Loss: 2.2861
Epoch 13 | Batch 800/6212 | Loss: 1.9614
Epoch 13 | Batch 900/6212 | Loss: 1.9498
Epoch 13 | Batch 1000/6212 | Loss: 1.8888
Epoch 13 | Batch 1100/6212 | Loss: 1.8791
Epoch 13 | Batch 1200/6212 | Loss: 2.3643
Epoch 13 | Batch 1300/6212 | Loss: 2.0268
Epoch 13 | Batch 1400/6212 | Loss: 1.8355
Epoch 13 | Batch 1500/6212 | Loss: 2.0509
Epoch 13 | Batch 1600/6212 | Loss: 2.0926
Epoch 13 | Batch 1700/6212 | Loss: 1.5025
Epoch 13 | Batch 1800/6212 | Loss: 2.1080
Epoch 13 | Batch 1900/6212 | Loss: 1.8495
Epoch 13 | Batch 2000/6212 | Loss: 2.1361
Epoch 13 | Batch 2100/6212 | Loss: 1.9666
Epoch 13 | Batch 2200/6212 | Loss: 1.9956
Epoch 13 | Batch 2300/6212 | Loss: 2.0250
Epoch 13 | Batch 2400/6212 | Loss: 1.8703
Epoch 13 | Batch 2500/6212 | Loss: 2.0183
Epoch 13 | Batch 2600/6212 | Loss: 1.4803
Epoch 13 | Batch 2700/6212 | Loss: 2.1432
Epoch 13 | Batch 2800/6212 | Loss: 2.1385
Epoch 13 | Batch 2900/6212 | Loss: 2.0330
Epoch 13 | Batch 3000/6212 | Loss: 2.1783
Epoch 13 | Batch 3100/6212 | Loss: 1.8005
Epoch 13 | Batch 3200/6212 | Loss: 1.7938
Epoch 13 | Batch 3300/6212 | Loss: 2.3372
Epoch 13 | Batch 3400/6212 | Loss: 2.1887
Epoch 13 | Batch 3500/6212 | Loss: 1.5099
Epoch 13 | Batch 3600/6212 | Loss: 2.4126
Epoch 13 | Batch 3700/6212 | Loss: 1.9715
Epoch 13 | Batch 3800/6212 | Loss: 1.7536
Epoch 13 | Batch 3900/6212 | Loss: 1.9902
Epoch 13 | Batch 4000/6212 | Loss: 1.9899
Epoch 13 | Batch 4100/6212 | Loss: 1.9448
Epoch 13 | Batch 4200/6212 | Loss: 2.0097
Epoch 13 | Batch 4300/6212 | Loss: 1.8272
Epoch 13 | Batch 4400/6212 | Loss: 1.7864
Epoch 13 | Batch 4500/6212 | Loss: 2.0355
Epoch 13 | Batch 4600/6212 | Loss: 2.0808
Epoch 13 | Batch 4700/6212 | Loss: 2.2373
Epoch 13 | Batch 4800/6212 | Loss: 2.1059
Epoch 13 | Batch 4900/6212 | Loss: 1.8348
Epoch 13 | Batch 5000/6212 | Loss: 1.6872
Epoch 13 | Batch 5100/6212 | Loss: 1.8475
Epoch 13 | Batch 5200/6212 | Loss: 1.7437
Epoch 13 | Batch 5300/6212 | Loss: 2.0230
Epoch 13 | Batch 5400/6212 | Loss: 2.0381
Epoch 13 | Batch 5500/6212 | Loss: 1.9886
Epoch 13 | Batch 5600/6212 | Loss: 2.0165
Epoch 13 | Batch 5700/6212 | Loss: 2.3075
Epoch 13 | Batch 5800/6212 | Loss: 1.9873
Epoch 13 | Batch 5900/6212 | Loss: 1.9537
Epoch 13 | Batch 6000/6212 | Loss: 2.0332
Epoch 13 | Batch 6100/6212 | Loss: 2.1104
Epoch 13 | Batch 6200/6212 | Loss: 1.9602
Epoch 13 | Time: 128.8s | Train Loss: 1.9527 | Val Loss: 3.5830
Epoch 14 | Batch 0/6212 | Loss: 1.9993
Epoch 14 | Batch 100/6212 | Loss: 1.8450
Epoch 14 | Batch 200/6212 | Loss: 1.9404
Epoch 14 | Batch 300/6212 | Loss: 1.9743
Epoch 14 | Batch 400/6212 | Loss: 2.1097
Epoch 14 | Batch 500/6212 | Loss: 1.5507
Epoch 14 | Batch 600/6212 | Loss: 2.1619
Epoch 14 | Batch 700/6212 | Loss: 1.8533
Epoch 14 | Batch 800/6212 | Loss: 1.6282
Epoch 14 | Batch 900/6212 | Loss: 1.7783
Epoch 14 | Batch 1000/6212 | Loss: 2.0946
Epoch 14 | Batch 1100/6212 | Loss: 1.8853
Epoch 14 | Batch 1200/6212 | Loss: 1.9958
Epoch 14 | Batch 1300/6212 | Loss: 1.8348
Epoch 14 | Batch 1400/6212 | Loss: 1.9739
Epoch 14 | Batch 1500/6212 | Loss: 1.8611
Epoch 14 | Batch 1600/6212 | Loss: 1.9921
Epoch 14 | Batch 1700/6212 | Loss: 2.0132
Epoch 14 | Batch 1800/6212 | Loss: 1.4733
Epoch 14 | Batch 1900/6212 | Loss: 2.0362
Epoch 14 | Batch 2000/6212 | Loss: 2.0029
Epoch 14 | Batch 2100/6212 | Loss: 1.8583
Epoch 14 | Batch 2200/6212 | Loss: 1.7260
Epoch 14 | Batch 2300/6212 | Loss: 1.8778
Epoch 14 | Batch 2400/6212 | Loss: 1.9394
Epoch 14 | Batch 2500/6212 | Loss: 1.6168
Epoch 14 | Batch 2600/6212 | Loss: 2.3003
Epoch 14 | Batch 2700/6212 | Loss: 1.9525
Epoch 14 | Batch 2800/6212 | Loss: 1.7057
Epoch 14 | Batch 2900/6212 | Loss: 1.8447
Epoch 14 | Batch 3000/6212 | Loss: 1.7539
Epoch 14 | Batch 3100/6212 | Loss: 2.2568
Epoch 14 | Batch 3200/6212 | Loss: 1.8448
Epoch 14 | Batch 3300/6212 | Loss: 1.7899
Epoch 14 | Batch 3400/6212 | Loss: 1.8679
Epoch 14 | Batch 3500/6212 | Loss: 2.1622
Epoch 14 | Batch 3600/6212 | Loss: 1.8806
Epoch 14 | Batch 3700/6212 | Loss: 1.7532
Epoch 14 | Batch 3800/6212 | Loss: 1.5307
Epoch 14 | Batch 3900/6212 | Loss: 2.0336
Epoch 14 | Batch 4000/6212 | Loss: 1.8576
Epoch 14 | Batch 4100/6212 | Loss: 1.9906
Epoch 14 | Batch 4200/6212 | Loss: 1.7287
Epoch 14 | Batch 4300/6212 | Loss: 1.9625
Epoch 14 | Batch 4400/6212 | Loss: 1.9017
Epoch 14 | Batch 4500/6212 | Loss: 1.5583
Epoch 14 | Batch 4600/6212 | Loss: 2.1831
Epoch 14 | Batch 4700/6212 | Loss: 2.0355
Epoch 14 | Batch 4800/6212 | Loss: 1.8426
Epoch 14 | Batch 4900/6212 | Loss: 1.9545
Epoch 14 | Batch 5000/6212 | Loss: 2.1146
Epoch 14 | Batch 5100/6212 | Loss: 2.2303
Epoch 14 | Batch 5200/6212 | Loss: 2.1651
Epoch 14 | Batch 5300/6212 | Loss: 1.9140
Epoch 14 | Batch 5400/6212 | Loss: 1.7714
Epoch 14 | Batch 5500/6212 | Loss: 1.8012
Epoch 14 | Batch 5600/6212 | Loss: 1.7708
Epoch 14 | Batch 5700/6212 | Loss: 1.8299
Epoch 14 | Batch 5800/6212 | Loss: 2.0584
Epoch 14 | Batch 5900/6212 | Loss: 1.5907
Epoch 14 | Batch 6000/6212 | Loss: 2.0215
Epoch 14 | Batch 6100/6212 | Loss: 1.7720
Epoch 14 | Batch 6200/6212 | Loss: 1.7909
Epoch 14 | Time: 128.6s | Train Loss: 1.9070 | Val Loss: 3.5920
Epoch 15 | Batch 0/6212 | Loss: 1.7327
Epoch 15 | Batch 100/6212 | Loss: 2.1195
Epoch 15 | Batch 200/6212 | Loss: 1.7859
Epoch 15 | Batch 300/6212 | Loss: 1.9193
Epoch 15 | Batch 400/6212 | Loss: 1.4040
Epoch 15 | Batch 500/6212 | Loss: 1.7511
Epoch 15 | Batch 600/6212 | Loss: 1.4975
Epoch 15 | Batch 700/6212 | Loss: 1.6928
Epoch 15 | Batch 800/6212 | Loss: 2.2451
Epoch 15 | Batch 900/6212 | Loss: 2.0083
Epoch 15 | Batch 1000/6212 | Loss: 1.7417
Epoch 15 | Batch 1100/6212 | Loss: 2.0783
Epoch 15 | Batch 1200/6212 | Loss: 1.9319
Epoch 15 | Batch 1300/6212 | Loss: 1.6580
Epoch 15 | Batch 1400/6212 | Loss: 1.8297
Epoch 15 | Batch 1500/6212 | Loss: 1.8670
Epoch 15 | Batch 1600/6212 | Loss: 1.6224
Epoch 15 | Batch 1700/6212 | Loss: 1.9641
Epoch 15 | Batch 1800/6212 | Loss: 1.7938
Epoch 15 | Batch 1900/6212 | Loss: 1.9406
Epoch 15 | Batch 2000/6212 | Loss: 1.8775
Epoch 15 | Batch 2100/6212 | Loss: 1.6758
Epoch 15 | Batch 2200/6212 | Loss: 1.8732
Epoch 15 | Batch 2300/6212 | Loss: 1.5254
Epoch 15 | Batch 2400/6212 | Loss: 2.0491
Epoch 15 | Batch 2500/6212 | Loss: 2.3780
Epoch 15 | Batch 2600/6212 | Loss: 2.1362
Epoch 15 | Batch 2700/6212 | Loss: 1.8350
Epoch 15 | Batch 2800/6212 | Loss: 1.8200
Epoch 15 | Batch 2900/6212 | Loss: 2.0417
Epoch 15 | Batch 3000/6212 | Loss: 1.8118
Epoch 15 | Batch 3100/6212 | Loss: 1.6538
Epoch 15 | Batch 3200/6212 | Loss: 1.9004
Epoch 15 | Batch 3300/6212 | Loss: 1.9910
Epoch 15 | Batch 3400/6212 | Loss: 1.9103
Epoch 15 | Batch 3500/6212 | Loss: 2.0039
Epoch 15 | Batch 3600/6212 | Loss: 2.1645
Epoch 15 | Batch 3700/6212 | Loss: 1.9757
Epoch 15 | Batch 3800/6212 | Loss: 1.6303
Epoch 15 | Batch 3900/6212 | Loss: 1.6388
Epoch 15 | Batch 4000/6212 | Loss: 1.9428
Epoch 15 | Batch 4100/6212 | Loss: 1.6139
Epoch 15 | Batch 4200/6212 | Loss: 1.8182
Epoch 15 | Batch 4300/6212 | Loss: 1.7459
Epoch 15 | Batch 4400/6212 | Loss: 1.9410
Epoch 15 | Batch 4500/6212 | Loss: 1.6370
Epoch 15 | Batch 4600/6212 | Loss: 2.2127
Epoch 15 | Batch 4700/6212 | Loss: 1.9469
Epoch 15 | Batch 4800/6212 | Loss: 1.7586
Epoch 15 | Batch 4900/6212 | Loss: 1.7787
Epoch 15 | Batch 5000/6212 | Loss: 1.8412
Epoch 15 | Batch 5100/6212 | Loss: 2.1112
Epoch 15 | Batch 5200/6212 | Loss: 1.6402
Epoch 15 | Batch 5300/6212 | Loss: 1.7553
Epoch 15 | Batch 5400/6212 | Loss: 1.9005
Epoch 15 | Batch 5500/6212 | Loss: 1.8178
Epoch 15 | Batch 5600/6212 | Loss: 1.7997
Epoch 15 | Batch 5700/6212 | Loss: 1.7618
Epoch 15 | Batch 5800/6212 | Loss: 1.6394
Epoch 15 | Batch 5900/6212 | Loss: 2.2595
Epoch 15 | Batch 6000/6212 | Loss: 1.8302
Epoch 15 | Batch 6100/6212 | Loss: 2.1720
Epoch 15 | Batch 6200/6212 | Loss: 1.9479
Epoch 15 | Time: 129.3s | Train Loss: 1.8615 | Val Loss: 3.5941
Epoch 16 | Batch 0/6212 | Loss: 1.6725
Epoch 16 | Batch 100/6212 | Loss: 1.8448
Epoch 16 | Batch 200/6212 | Loss: 1.6590
Epoch 16 | Batch 300/6212 | Loss: 2.0043
Epoch 16 | Batch 400/6212 | Loss: 1.7903
Epoch 16 | Batch 500/6212 | Loss: 1.7192
Epoch 16 | Batch 600/6212 | Loss: 2.1220
Epoch 16 | Batch 700/6212 | Loss: 1.9361
Epoch 16 | Batch 800/6212 | Loss: 1.6245
Epoch 16 | Batch 900/6212 | Loss: 1.8900
Epoch 16 | Batch 1000/6212 | Loss: 1.8581
Epoch 16 | Batch 1100/6212 | Loss: 1.4013
Epoch 16 | Batch 1200/6212 | Loss: 1.9982
Epoch 16 | Batch 1300/6212 | Loss: 1.8300
Epoch 16 | Batch 1400/6212 | Loss: 1.6665
Epoch 16 | Batch 1500/6212 | Loss: 1.7367
Epoch 16 | Batch 1600/6212 | Loss: 2.2758
Epoch 16 | Batch 1700/6212 | Loss: 1.7774
Epoch 16 | Batch 1800/6212 | Loss: 1.9979
Epoch 16 | Batch 1900/6212 | Loss: 1.8117
Epoch 16 | Batch 2000/6212 | Loss: 1.9575
Epoch 16 | Batch 2100/6212 | Loss: 1.8228
Epoch 16 | Batch 2200/6212 | Loss: 1.9046
Epoch 16 | Batch 2300/6212 | Loss: 2.0004
Epoch 16 | Batch 2400/6212 | Loss: 1.8382
Epoch 16 | Batch 2500/6212 | Loss: 1.8565
Epoch 16 | Batch 2600/6212 | Loss: 2.1177
Epoch 16 | Batch 2700/6212 | Loss: 1.9145
Epoch 16 | Batch 2800/6212 | Loss: 1.9855
Epoch 16 | Batch 2900/6212 | Loss: 1.6872
Epoch 16 | Batch 3000/6212 | Loss: 1.9883
Epoch 16 | Batch 3100/6212 | Loss: 1.5462
Epoch 16 | Batch 3200/6212 | Loss: 1.7951
Epoch 16 | Batch 3300/6212 | Loss: 1.5938
Epoch 16 | Batch 3400/6212 | Loss: 1.7192
Epoch 16 | Batch 3500/6212 | Loss: 1.9306
Epoch 16 | Batch 3600/6212 | Loss: 1.8205
Epoch 16 | Batch 3700/6212 | Loss: 1.8069
Epoch 16 | Batch 3800/6212 | Loss: 1.5899
Epoch 16 | Batch 3900/6212 | Loss: 2.0477
Epoch 16 | Batch 4000/6212 | Loss: 1.9641
Epoch 16 | Batch 4100/6212 | Loss: 2.1130
Epoch 16 | Batch 4200/6212 | Loss: 1.7194
Epoch 16 | Batch 4300/6212 | Loss: 1.5237
Epoch 16 | Batch 4400/6212 | Loss: 1.5227
Epoch 16 | Batch 4500/6212 | Loss: 1.7759
Epoch 16 | Batch 4600/6212 | Loss: 2.0065
Epoch 16 | Batch 4700/6212 | Loss: 1.8436
Epoch 16 | Batch 4800/6212 | Loss: 2.0518
Epoch 16 | Batch 4900/6212 | Loss: 2.0301
Epoch 16 | Batch 5000/6212 | Loss: 1.9757
Epoch 16 | Batch 5100/6212 | Loss: 1.8273
Epoch 16 | Batch 5200/6212 | Loss: 1.7082
Epoch 16 | Batch 5300/6212 | Loss: 2.1365
Epoch 16 | Batch 5400/6212 | Loss: 1.7009
Epoch 16 | Batch 5500/6212 | Loss: 1.7535
Epoch 16 | Batch 5600/6212 | Loss: 1.9423
Epoch 16 | Batch 5700/6212 | Loss: 1.7273
Epoch 16 | Batch 5800/6212 | Loss: 1.8607
Epoch 16 | Batch 5900/6212 | Loss: 2.0567
Epoch 16 | Batch 6000/6212 | Loss: 1.6730
Epoch 16 | Batch 6100/6212 | Loss: 2.1873
Epoch 16 | Batch 6200/6212 | Loss: 1.5040
Epoch 16 | Time: 129.4s | Train Loss: 1.8195 | Val Loss: 3.6007
Epoch 17 | Batch 0/6212 | Loss: 1.8881
Epoch 17 | Batch 100/6212 | Loss: 1.7653
Epoch 17 | Batch 200/6212 | Loss: 1.8306
Epoch 17 | Batch 300/6212 | Loss: 1.7065
Epoch 17 | Batch 400/6212 | Loss: 1.6437
Epoch 17 | Batch 500/6212 | Loss: 1.9762
Epoch 17 | Batch 600/6212 | Loss: 2.0368
Epoch 17 | Batch 700/6212 | Loss: 1.8776
Epoch 17 | Batch 800/6212 | Loss: 1.5181
Epoch 17 | Batch 900/6212 | Loss: 1.7162
Epoch 17 | Batch 1000/6212 | Loss: 1.7510
Epoch 17 | Batch 1100/6212 | Loss: 1.6655
Epoch 17 | Batch 1200/6212 | Loss: 1.7037
Epoch 17 | Batch 1300/6212 | Loss: 2.1042
Epoch 17 | Batch 1400/6212 | Loss: 1.7561
Epoch 17 | Batch 1500/6212 | Loss: 1.5897
Epoch 17 | Batch 1600/6212 | Loss: 1.6897
Epoch 17 | Batch 1700/6212 | Loss: 1.4973
Epoch 17 | Batch 1800/6212 | Loss: 1.7674
Epoch 17 | Batch 1900/6212 | Loss: 1.8806
Epoch 17 | Batch 2000/6212 | Loss: 2.0187
Epoch 17 | Batch 2100/6212 | Loss: 1.5346
Epoch 17 | Batch 2200/6212 | Loss: 1.9554
Epoch 17 | Batch 2300/6212 | Loss: 1.8640
Epoch 17 | Batch 2400/6212 | Loss: 1.6177
Epoch 17 | Batch 2500/6212 | Loss: 1.9356
Epoch 17 | Batch 2600/6212 | Loss: 1.8062
Epoch 17 | Batch 2700/6212 | Loss: 1.7419
Epoch 17 | Batch 2800/6212 | Loss: 1.9689
Epoch 17 | Batch 2900/6212 | Loss: 1.7534
Epoch 17 | Batch 3000/6212 | Loss: 1.8180
Epoch 17 | Batch 3100/6212 | Loss: 2.0154
Epoch 17 | Batch 3200/6212 | Loss: 1.7660
Epoch 17 | Batch 3300/6212 | Loss: 1.7656
Epoch 17 | Batch 3400/6212 | Loss: 1.9826
Epoch 17 | Batch 3500/6212 | Loss: 1.7387
Epoch 17 | Batch 3600/6212 | Loss: 1.9064
Epoch 17 | Batch 3700/6212 | Loss: 1.5530
Epoch 17 | Batch 3800/6212 | Loss: 1.4960
Epoch 17 | Batch 3900/6212 | Loss: 1.6665
Epoch 17 | Batch 4000/6212 | Loss: 1.6960
Epoch 17 | Batch 4100/6212 | Loss: 1.8380
Epoch 17 | Batch 4200/6212 | Loss: 1.7955
Epoch 17 | Batch 4300/6212 | Loss: 1.7848
Epoch 17 | Batch 4400/6212 | Loss: 1.9612
Epoch 17 | Batch 4500/6212 | Loss: 1.7674
Epoch 17 | Batch 4600/6212 | Loss: 2.1290
Epoch 17 | Batch 4700/6212 | Loss: 1.6518
Epoch 17 | Batch 4800/6212 | Loss: 1.8103
Epoch 17 | Batch 4900/6212 | Loss: 1.6465
Epoch 17 | Batch 5000/6212 | Loss: 1.8994
Epoch 17 | Batch 5100/6212 | Loss: 1.2597
Epoch 17 | Batch 5200/6212 | Loss: 1.7792
Epoch 17 | Batch 5300/6212 | Loss: 2.1604
Epoch 17 | Batch 5400/6212 | Loss: 1.9286
Epoch 17 | Batch 5500/6212 | Loss: 1.7262
Epoch 17 | Batch 5600/6212 | Loss: 1.5255
Epoch 17 | Batch 5700/6212 | Loss: 1.8240
Epoch 17 | Batch 5800/6212 | Loss: 1.9707
Epoch 17 | Batch 5900/6212 | Loss: 1.7500
Epoch 17 | Batch 6000/6212 | Loss: 1.4855
Epoch 17 | Batch 6100/6212 | Loss: 1.7446
Epoch 17 | Batch 6200/6212 | Loss: 1.7543
Epoch 17 | Time: 128.6s | Train Loss: 1.7803 | Val Loss: 3.6257
Epoch 18 | Batch 0/6212 | Loss: 1.7279
Epoch 18 | Batch 100/6212 | Loss: 1.7500
Epoch 18 | Batch 200/6212 | Loss: 1.7590
Epoch 18 | Batch 300/6212 | Loss: 1.7875
Epoch 18 | Batch 400/6212 | Loss: 1.6618
Epoch 18 | Batch 500/6212 | Loss: 1.6258
Epoch 18 | Batch 600/6212 | Loss: 1.5198
Epoch 18 | Batch 700/6212 | Loss: 1.9219
Epoch 18 | Batch 800/6212 | Loss: 1.4867
Epoch 18 | Batch 900/6212 | Loss: 1.4995
Epoch 18 | Batch 1000/6212 | Loss: 1.5341
Epoch 18 | Batch 1100/6212 | Loss: 1.6614
Epoch 18 | Batch 1200/6212 | Loss: 1.7004
Epoch 18 | Batch 1300/6212 | Loss: 1.9875
Epoch 18 | Batch 1400/6212 | Loss: 1.5389
Epoch 18 | Batch 1500/6212 | Loss: 1.7002
Epoch 18 | Batch 1600/6212 | Loss: 2.3211
Epoch 18 | Batch 1700/6212 | Loss: 1.8105
Epoch 18 | Batch 1800/6212 | Loss: 1.9863
Epoch 18 | Batch 1900/6212 | Loss: 1.7862
Epoch 18 | Batch 2000/6212 | Loss: 1.4275
Epoch 18 | Batch 2100/6212 | Loss: 1.8081
Epoch 18 | Batch 2200/6212 | Loss: 1.6854
Epoch 18 | Batch 2300/6212 | Loss: 1.8636
Epoch 18 | Batch 2400/6212 | Loss: 1.9054
Epoch 18 | Batch 2500/6212 | Loss: 1.6640
Epoch 18 | Batch 2600/6212 | Loss: 1.7121
Epoch 18 | Batch 2700/6212 | Loss: 1.6097
Epoch 18 | Batch 2800/6212 | Loss: 1.7714
Epoch 18 | Batch 2900/6212 | Loss: 2.0470
Epoch 18 | Batch 3000/6212 | Loss: 1.6694
Epoch 18 | Batch 3100/6212 | Loss: 1.8046
Epoch 18 | Batch 3200/6212 | Loss: 1.7699
Epoch 18 | Batch 3300/6212 | Loss: 1.6614
Epoch 18 | Batch 3400/6212 | Loss: 1.7908
Epoch 18 | Batch 3500/6212 | Loss: 1.6937
Epoch 18 | Batch 3600/6212 | Loss: 1.5078
Epoch 18 | Batch 3700/6212 | Loss: 1.5775
Epoch 18 | Batch 3800/6212 | Loss: 1.8056
Epoch 18 | Batch 3900/6212 | Loss: 1.8250
Epoch 18 | Batch 4000/6212 | Loss: 1.8214
Epoch 18 | Batch 4100/6212 | Loss: 1.8495
Epoch 18 | Batch 4200/6212 | Loss: 1.7234
Epoch 18 | Batch 4300/6212 | Loss: 1.5586
Epoch 18 | Batch 4400/6212 | Loss: 1.7436
Epoch 18 | Batch 4500/6212 | Loss: 1.6658
Epoch 18 | Batch 4600/6212 | Loss: 1.7851
Epoch 18 | Batch 4700/6212 | Loss: 1.7254
Epoch 18 | Batch 4800/6212 | Loss: 1.3507
Epoch 18 | Batch 4900/6212 | Loss: 1.9884
Epoch 18 | Batch 5000/6212 | Loss: 1.6531
Epoch 18 | Batch 5100/6212 | Loss: 1.6794
Epoch 18 | Batch 5200/6212 | Loss: 1.6731
Epoch 18 | Batch 5300/6212 | Loss: 1.6626
Epoch 18 | Batch 5400/6212 | Loss: 1.8808
Epoch 18 | Batch 5500/6212 | Loss: 1.7500
Epoch 18 | Batch 5600/6212 | Loss: 1.5682
Epoch 18 | Batch 5700/6212 | Loss: 2.1640
Epoch 18 | Batch 5800/6212 | Loss: 1.6426
Epoch 18 | Batch 5900/6212 | Loss: 1.7225
Epoch 18 | Batch 6000/6212 | Loss: 1.8254
Epoch 18 | Batch 6100/6212 | Loss: 1.6457
Epoch 18 | Batch 6200/6212 | Loss: 1.7666
Epoch 18 | Time: 128.3s | Train Loss: 1.7437 | Val Loss: 3.6315
Epoch 19 | Batch 0/6212 | Loss: 1.7847
Epoch 19 | Batch 100/6212 | Loss: 1.9163
Epoch 19 | Batch 200/6212 | Loss: 1.7523
Epoch 19 | Batch 300/6212 | Loss: 1.5872
Epoch 19 | Batch 400/6212 | Loss: 1.5508
Epoch 19 | Batch 500/6212 | Loss: 1.5047
Epoch 19 | Batch 600/6212 | Loss: 1.5730
Epoch 19 | Batch 700/6212 | Loss: 1.9727
Epoch 19 | Batch 800/6212 | Loss: 1.6057
Epoch 19 | Batch 900/6212 | Loss: 1.9626
Epoch 19 | Batch 1000/6212 | Loss: 1.7280
Epoch 19 | Batch 1100/6212 | Loss: 2.0978
Epoch 19 | Batch 1200/6212 | Loss: 1.6274
Epoch 19 | Batch 1300/6212 | Loss: 1.8299
Epoch 19 | Batch 1400/6212 | Loss: 1.8245
Epoch 19 | Batch 1500/6212 | Loss: 1.7312
Epoch 19 | Batch 1600/6212 | Loss: 1.9493
Epoch 19 | Batch 1700/6212 | Loss: 1.4964
Epoch 19 | Batch 1800/6212 | Loss: 1.8241
Epoch 19 | Batch 1900/6212 | Loss: 1.5847
Epoch 19 | Batch 2000/6212 | Loss: 1.5923
Epoch 19 | Batch 2100/6212 | Loss: 1.3495
Epoch 19 | Batch 2200/6212 | Loss: 1.7963
Epoch 19 | Batch 2300/6212 | Loss: 1.7604
Epoch 19 | Batch 2400/6212 | Loss: 1.8940
Epoch 19 | Batch 2500/6212 | Loss: 1.3547
Epoch 19 | Batch 2600/6212 | Loss: 1.7492
Epoch 19 | Batch 2700/6212 | Loss: 1.7255
Epoch 19 | Batch 2800/6212 | Loss: 2.1418
Epoch 19 | Batch 2900/6212 | Loss: 1.7265
Epoch 19 | Batch 3000/6212 | Loss: 1.8056
Epoch 19 | Batch 3100/6212 | Loss: 1.7177
Epoch 19 | Batch 3200/6212 | Loss: 1.8228
Epoch 19 | Batch 3300/6212 | Loss: 1.7417
Epoch 19 | Batch 3400/6212 | Loss: 1.9808
Epoch 19 | Batch 3500/6212 | Loss: 1.9020
Epoch 19 | Batch 3600/6212 | Loss: 1.6115
Epoch 19 | Batch 3700/6212 | Loss: 1.7687
Epoch 19 | Batch 3800/6212 | Loss: 1.4342
Epoch 19 | Batch 3900/6212 | Loss: 1.8044
Epoch 19 | Batch 4000/6212 | Loss: 1.7426
Epoch 19 | Batch 4100/6212 | Loss: 1.9641
Epoch 19 | Batch 4200/6212 | Loss: 1.6043
Epoch 19 | Batch 4300/6212 | Loss: 1.8525
Epoch 19 | Batch 4400/6212 | Loss: 1.5148
Epoch 19 | Batch 4500/6212 | Loss: 1.7576
Epoch 19 | Batch 4600/6212 | Loss: 1.7262
Epoch 19 | Batch 4700/6212 | Loss: 1.8064
Epoch 19 | Batch 4800/6212 | Loss: 2.0734
Epoch 19 | Batch 4900/6212 | Loss: 1.6930
Epoch 19 | Batch 5000/6212 | Loss: 1.7020
Epoch 19 | Batch 5100/6212 | Loss: 2.1247
Epoch 19 | Batch 5200/6212 | Loss: 1.6834
Epoch 19 | Batch 5300/6212 | Loss: 1.6375
Epoch 19 | Batch 5400/6212 | Loss: 1.5629
Epoch 19 | Batch 5500/6212 | Loss: 1.5212
Epoch 19 | Batch 5600/6212 | Loss: 1.4768
Epoch 19 | Batch 5700/6212 | Loss: 2.0111
Epoch 19 | Batch 5800/6212 | Loss: 1.4602
Epoch 19 | Batch 5900/6212 | Loss: 1.6600
Epoch 19 | Batch 6000/6212 | Loss: 1.7607
Epoch 19 | Batch 6100/6212 | Loss: 1.7231
Epoch 19 | Batch 6200/6212 | Loss: 1.8452
Epoch 19 | Time: 128.5s | Train Loss: 1.7086 | Val Loss: 3.6455

Total training time: 00:43:33 (2613.8s)
